"pkg-config --exists openssl"
| pkg-config --libs openssl
=> "-lssl -lcrypto\n"
"gcc -o conftest -I/home/ong/.rbenv/versions/2.5.1/include/ruby-2.5.0/x86_64-linux -I/home/ong/.rbenv/versions/2.5.1/include/ruby-2.5.0/ruby/backward -I/home/ong/.rbenv/versions/2.5.1/include/ruby-2.5.0 -I. -I/home/ong/.rbenv/versions/2.5.1/include    -O3 -ggdb3 -Wall -Wextra -Wno-unused-parameter -Wno-parentheses -Wno-long-long -Wno-missing-field-initializers -Wno-tautological-compare -Wno-parentheses-equality -Wno-constant-logical-operand -Wno-self-assign -Wunused-variable -Wimplicit-int -Wpointer-arith -Wwrite-strings -Wdeclaration-after-statement -Wimplicit-function-declaration -Wdeprecated-declarations -Wmisleading-indentation -Wno-packed-bitfield-compat -Wsuggest-attribute=noreturn -Wsuggest-attribute=format -Wimplicit-fallthrough=0 -Wduplicated-cond -Wrestrict  -fPIC conftest.c  -L. -L/home/ong/.rbenv/versions/2.5.1/lib -Wl,-rpath,/home/ong/.rbenv/versions/2.5.1/lib -L. -L/home/ong/.rbenv/versions/2.5.1/lib  -fstack-protector -rdynamic -Wl,-export-dynamic     -Wl,-rpath,/home/ong/.rbenv/versions/2.5.1/lib -L/home/ong/.rbenv/versions/2.5.1/lib -lruby  -lpthread -ldl -lcrypt -lm   -lc"
checked program was:
/* begin */
1: #include "ruby.h"
2: 
3: int main(int argc, char **argv)
4: {
5:   return 0;
6: }
/* end */

"gcc -o conftest -I/home/ong/.rbenv/versions/2.5.1/include/ruby-2.5.0/x86_64-linux -I/home/ong/.rbenv/versions/2.5.1/include/ruby-2.5.0/ruby/backward -I/home/ong/.rbenv/versions/2.5.1/include/ruby-2.5.0 -I. -I/home/ong/.rbenv/versions/2.5.1/include    -O3 -ggdb3 -Wall -Wextra -Wno-unused-parameter -Wno-parentheses -Wno-long-long -Wno-missing-field-initializers -Wno-tautological-compare -Wno-parentheses-equality -Wno-constant-logical-operand -Wno-self-assign -Wunused-variable -Wimplicit-int -Wpointer-arith -Wwrite-strings -Wdeclaration-after-statement -Wimplicit-function-declaration -Wdeprecated-declarations -Wmisleading-indentation -Wno-packed-bitfield-compat -Wsuggest-attribute=noreturn -Wsuggest-attribute=format -Wimplicit-fallthrough=0 -Wduplicated-cond -Wrestrict  -fPIC conftest.c  -L. -L/home/ong/.rbenv/versions/2.5.1/lib -Wl,-rpath,/home/ong/.rbenv/versions/2.5.1/lib -L. -L/home/ong/.rbenv/versions/2.5.1/lib  -fstack-protector -rdynamic -Wl,-export-dynamic     -Wl,-rpath,/home/ong/.rbenv/versions/2.5.1/lib -L/home/ong/.rbenv/versions/2.5.1/lib -lruby -lssl -lcrypto -lpthread -ldl -lcrypt -lm   -lc"
checked program was:
/* begin */
1: #include "ruby.h"
2: 
3: int main(int argc, char **argv)
4: {
5:   return 0;
6: }
/* end */

| pkg-config --cflags-only-I openssl
=> "\n"
| pkg-config --cflags-only-other openssl
=> "\n"
| pkg-config --libs-only-l openssl
=> "-lssl -lcrypto\n"
package configuration for openssl
cflags: 
ldflags: 
libs: -lssl -lcrypto

have_header: checking for openssl/bio.h... -------------------- yes

"gcc -E -I/home/ong/.rbenv/versions/2.5.1/include/ruby-2.5.0/x86_64-linux -I/home/ong/.rbenv/versions/2.5.1/include/ruby-2.5.0/ruby/backward -I/home/ong/.rbenv/versions/2.5.1/include/ruby-2.5.0 -I.  -I/home/ong/.rbenv/versions/2.5.1/include    -O3 -ggdb3 -Wall -Wextra -Wno-unused-parameter -Wno-parentheses -Wno-long-long -Wno-missing-field-initializers -Wno-tautological-compare -Wno-parentheses-equality -Wno-constant-logical-operand -Wno-self-assign -Wunused-variable -Wimplicit-int -Wpointer-arith -Wwrite-strings -Wdeclaration-after-statement -Wimplicit-function-declaration -Wdeprecated-declarations -Wmisleading-indentation -Wno-packed-bitfield-compat -Wsuggest-attribute=noreturn -Wsuggest-attribute=format -Wimplicit-fallthrough=0 -Wduplicated-cond -Wrestrict  -fPIC   conftest.c -o conftest.i"
checked program was:
/* begin */
1: #include "ruby.h"
2: 
3: #include <openssl/bio.h>
/* end */

--------------------

have_func: checking for DTLS_method() in openssl/ssl.h... -------------------- yes

"gcc -o conftest -I/home/ong/.rbenv/versions/2.5.1/include/ruby-2.5.0/x86_64-linux -I/home/ong/.rbenv/versions/2.5.1/include/ruby-2.5.0/ruby/backward -I/home/ong/.rbenv/versions/2.5.1/include/ruby-2.5.0 -I.  -I/home/ong/.rbenv/versions/2.5.1/include    -O3 -ggdb3 -Wall -Wextra -Wno-unused-parameter -Wno-parentheses -Wno-long-long -Wno-missing-field-initializers -Wno-tautological-compare -Wno-parentheses-equality -Wno-constant-logical-operand -Wno-self-assign -Wunused-variable -Wimplicit-int -Wpointer-arith -Wwrite-strings -Wdeclaration-after-statement -Wimplicit-function-declaration -Wdeprecated-declarations -Wmisleading-indentation -Wno-packed-bitfield-compat -Wsuggest-attribute=noreturn -Wsuggest-attribute=format -Wimplicit-fallthrough=0 -Wduplicated-cond -Wrestrict  -fPIC  conftest.c  -L. -L/home/ong/.rbenv/versions/2.5.1/lib -Wl,-rpath,/home/ong/.rbenv/versions/2.5.1/lib -L. -L/home/ong/.rbenv/versions/2.5.1/lib  -fstack-protector -rdynamic -Wl,-export-dynamic      -lssl -lcrypto -Wl,-rpath,/home/ong/.rbenv/versions/2.5.1/lib -L/home/ong/.rbenv/versions/2.5.1/lib -lruby  -lssl -lcrypto -lpthread -ldl -lcrypt -lm   -lc"
checked program was:
/* begin */
 1: #include "ruby.h"
 2: 
 3: #include <openssl/ssl.h>
 4: 
 5: /*top*/
 6: extern int t(void);
 7: int main(int argc, char **argv)
 8: {
 9:   if (argc > 1000000) {
10:     printf("%p", &t);
11:   }
12: 
13:   return 0;
14: }
15: int t(void) { void ((*volatile p)()); p = (void ((*)()))DTLS_method; return !p; }
/* end */

--------------------

have_func: checking for TLS_server_method() in openssl/ssl.h... -------------------- yes

"gcc -o conftest -I/home/ong/.rbenv/versions/2.5.1/include/ruby-2.5.0/x86_64-linux -I/home/ong/.rbenv/versions/2.5.1/include/ruby-2.5.0/ruby/backward -I/home/ong/.rbenv/versions/2.5.1/include/ruby-2.5.0 -I.  -I/home/ong/.rbenv/versions/2.5.1/include    -O3 -ggdb3 -Wall -Wextra -Wno-unused-parameter -Wno-parentheses -Wno-long-long -Wno-missing-field-initializers -Wno-tautological-compare -Wno-parentheses-equality -Wno-constant-logical-operand -Wno-self-assign -Wunused-variable -Wimplicit-int -Wpointer-arith -Wwrite-strings -Wdeclaration-after-statement -Wimplicit-function-declaration -Wdeprecated-declarations -Wmisleading-indentation -Wno-packed-bitfield-compat -Wsuggest-attribute=noreturn -Wsuggest-attribute=format -Wimplicit-fallthrough=0 -Wduplicated-cond -Wrestrict  -fPIC  conftest.c  -L. -L/home/ong/.rbenv/versions/2.5.1/lib -Wl,-rpath,/home/ong/.rbenv/versions/2.5.1/lib -L. -L/home/ong/.rbenv/versions/2.5.1/lib  -fstack-protector -rdynamic -Wl,-export-dynamic      -lssl -lcrypto -Wl,-rpath,/home/ong/.rbenv/versions/2.5.1/lib -L/home/ong/.rbenv/versions/2.5.1/lib -lruby  -lssl -lcrypto -lpthread -ldl -lcrypt -lm   -lc"
checked program was:
/* begin */
 1: #include "ruby.h"
 2: 
 3: #include <openssl/ssl.h>
 4: 
 5: /*top*/
 6: extern int t(void);
 7: int main(int argc, char **argv)
 8: {
 9:   if (argc > 1000000) {
10:     printf("%p", &t);
11:   }
12: 
13:   return 0;
14: }
15: int t(void) { void ((*volatile p)()); p = (void ((*)()))TLS_server_method; return !p; }
/* end */

--------------------

have_func: checking for SSL_CTX_set_min_proto_version(NULL, 0) in openssl/ssl.h... -------------------- yes

"gcc -o conftest -I/home/ong/.rbenv/versions/2.5.1/include/ruby-2.5.0/x86_64-linux -I/home/ong/.rbenv/versions/2.5.1/include/ruby-2.5.0/ruby/backward -I/home/ong/.rbenv/versions/2.5.1/include/ruby-2.5.0 -I.  -I/home/ong/.rbenv/versions/2.5.1/include    -O3 -ggdb3 -Wall -Wextra -Wno-unused-parameter -Wno-parentheses -Wno-long-long -Wno-missing-field-initializers -Wno-tautological-compare -Wno-parentheses-equality -Wno-constant-logical-operand -Wno-self-assign -Wunused-variable -Wimplicit-int -Wpointer-arith -Wwrite-strings -Wdeclaration-after-statement -Wimplicit-function-declaration -Wdeprecated-declarations -Wmisleading-indentation -Wno-packed-bitfield-compat -Wsuggest-attribute=noreturn -Wsuggest-attribute=format -Wimplicit-fallthrough=0 -Wduplicated-cond -Wrestrict  -fPIC  conftest.c  -L. -L/home/ong/.rbenv/versions/2.5.1/lib -Wl,-rpath,/home/ong/.rbenv/versions/2.5.1/lib -L. -L/home/ong/.rbenv/versions/2.5.1/lib  -fstack-protector -rdynamic -Wl,-export-dynamic      -lssl -lcrypto -Wl,-rpath,/home/ong/.rbenv/versions/2.5.1/lib -L/home/ong/.rbenv/versions/2.5.1/lib -lruby  -lssl -lcrypto -lpthread -ldl -lcrypt -lm   -lc"
checked program was:
/* begin */
 1: #include "ruby.h"
 2: 
 3: #include <openssl/ssl.h>
 4: 
 5: /*top*/
 6: extern int t(void);
 7: int main(int argc, char **argv)
 8: {
 9:   if (argc > 1000000) {
10:     printf("%p", &t);
11:   }
12: 
13:   return 0;
14: }
15: 
16: int t(void) { SSL_CTX_set_min_proto_version(NULL, 0); return 0; }
/* end */

--------------------

have_func: checking for X509_STORE_up_ref()... -------------------- yes

"gcc -o conftest -I/home/ong/.rbenv/versions/2.5.1/include/ruby-2.5.0/x86_64-linux -I/home/ong/.rbenv/versions/2.5.1/include/ruby-2.5.0/ruby/backward -I/home/ong/.rbenv/versions/2.5.1/include/ruby-2.5.0 -I.  -I/home/ong/.rbenv/versions/2.5.1/include    -O3 -ggdb3 -Wall -Wextra -Wno-unused-parameter -Wno-parentheses -Wno-long-long -Wno-missing-field-initializers -Wno-tautological-compare -Wno-parentheses-equality -Wno-constant-logical-operand -Wno-self-assign -Wunused-variable -Wimplicit-int -Wpointer-arith -Wwrite-strings -Wdeclaration-after-statement -Wimplicit-function-declaration -Wdeprecated-declarations -Wmisleading-indentation -Wno-packed-bitfield-compat -Wsuggest-attribute=noreturn -Wsuggest-attribute=format -Wimplicit-fallthrough=0 -Wduplicated-cond -Wrestrict  -fPIC  conftest.c  -L. -L/home/ong/.rbenv/versions/2.5.1/lib -Wl,-rpath,/home/ong/.rbenv/versions/2.5.1/lib -L. -L/home/ong/.rbenv/versions/2.5.1/lib  -fstack-protector -rdynamic -Wl,-export-dynamic      -lssl -lcrypto -Wl,-rpath,/home/ong/.rbenv/versions/2.5.1/lib -L/home/ong/.rbenv/versions/2.5.1/lib -lruby  -lssl -lcrypto -lpthread -ldl -lcrypt -lm   -lc"
conftest.c: In function ‘t’:
conftest.c:13:57: error: ‘X509_STORE_up_ref’ undeclared (first use in this function)
 int t(void) { void ((*volatile p)()); p = (void ((*)()))X509_STORE_up_ref; return !p; }
                                                         ^~~~~~~~~~~~~~~~~
conftest.c:13:57: note: each undeclared identifier is reported only once for each function it appears in
conftest.c: At top level:
cc1: warning: unrecognized command line option ‘-Wno-self-assign’
cc1: warning: unrecognized command line option ‘-Wno-constant-logical-operand’
cc1: warning: unrecognized command line option ‘-Wno-parentheses-equality’
checked program was:
/* begin */
 1: #include "ruby.h"
 2: 
 3: /*top*/
 4: extern int t(void);
 5: int main(int argc, char **argv)
 6: {
 7:   if (argc > 1000000) {
 8:     printf("%p", &t);
 9:   }
10: 
11:   return 0;
12: }
13: int t(void) { void ((*volatile p)()); p = (void ((*)()))X509_STORE_up_ref; return !p; }
/* end */

"gcc -o conftest -I/home/ong/.rbenv/versions/2.5.1/include/ruby-2.5.0/x86_64-linux -I/home/ong/.rbenv/versions/2.5.1/include/ruby-2.5.0/ruby/backward -I/home/ong/.rbenv/versions/2.5.1/include/ruby-2.5.0 -I.  -I/home/ong/.rbenv/versions/2.5.1/include    -O3 -ggdb3 -Wall -Wextra -Wno-unused-parameter -Wno-parentheses -Wno-long-long -Wno-missing-field-initializers -Wno-tautological-compare -Wno-parentheses-equality -Wno-constant-logical-operand -Wno-self-assign -Wunused-variable -Wimplicit-int -Wpointer-arith -Wwrite-strings -Wdeclaration-after-statement -Wimplicit-function-declaration -Wdeprecated-declarations -Wmisleading-indentation -Wno-packed-bitfield-compat -Wsuggest-attribute=noreturn -Wsuggest-attribute=format -Wimplicit-fallthrough=0 -Wduplicated-cond -Wrestrict  -fPIC  conftest.c  -L. -L/home/ong/.rbenv/versions/2.5.1/lib -Wl,-rpath,/home/ong/.rbenv/versions/2.5.1/lib -L. -L/home/ong/.rbenv/versions/2.5.1/lib  -fstack-protector -rdynamic -Wl,-export-dynamic      -lssl -lcrypto -Wl,-rpath,/home/ong/.rbenv/versions/2.5.1/lib -L/home/ong/.rbenv/versions/2.5.1/lib -lruby  -lssl -lcrypto -lpthread -ldl -lcrypt -lm   -lc"
checked program was:
/* begin */
 1: #include "ruby.h"
 2: 
 3: /*top*/
 4: extern int t(void);
 5: int main(int argc, char **argv)
 6: {
 7:   if (argc > 1000000) {
 8:     printf("%p", &t);
 9:   }
10: 
11:   return 0;
12: }
13: extern void X509_STORE_up_ref();
14: int t(void) { X509_STORE_up_ref(); return 0; }
/* end */

--------------------

have_func: checking for SSL_CTX_set_ecdh_auto(NULL, 0) in openssl/ssl.h... -------------------- yes

"gcc -o conftest -I/home/ong/.rbenv/versions/2.5.1/include/ruby-2.5.0/x86_64-linux -I/home/ong/.rbenv/versions/2.5.1/include/ruby-2.5.0/ruby/backward -I/home/ong/.rbenv/versions/2.5.1/include/ruby-2.5.0 -I.  -I/home/ong/.rbenv/versions/2.5.1/include    -O3 -ggdb3 -Wall -Wextra -Wno-unused-parameter -Wno-parentheses -Wno-long-long -Wno-missing-field-initializers -Wno-tautological-compare -Wno-parentheses-equality -Wno-constant-logical-operand -Wno-self-assign -Wunused-variable -Wimplicit-int -Wpointer-arith -Wwrite-strings -Wdeclaration-after-statement -Wimplicit-function-declaration -Wdeprecated-declarations -Wmisleading-indentation -Wno-packed-bitfield-compat -Wsuggest-attribute=noreturn -Wsuggest-attribute=format -Wimplicit-fallthrough=0 -Wduplicated-cond -Wrestrict  -fPIC  conftest.c  -L. -L/home/ong/.rbenv/versions/2.5.1/lib -Wl,-rpath,/home/ong/.rbenv/versions/2.5.1/lib -L. -L/home/ong/.rbenv/versions/2.5.1/lib  -fstack-protector -rdynamic -Wl,-export-dynamic      -lssl -lcrypto -Wl,-rpath,/home/ong/.rbenv/versions/2.5.1/lib -L/home/ong/.rbenv/versions/2.5.1/lib -lruby  -lssl -lcrypto -lpthread -ldl -lcrypt -lm   -lc"
checked program was:
/* begin */
 1: #include "ruby.h"
 2: 
 3: #include <openssl/ssl.h>
 4: 
 5: /*top*/
 6: extern int t(void);
 7: int main(int argc, char **argv)
 8: {
 9:   if (argc > 1000000) {
10:     printf("%p", &t);
11:   }
12: 
13:   return 0;
14: }
15: 
16: int t(void) { SSL_CTX_set_ecdh_auto(NULL, 0); return 0; }
/* end */

--------------------

have_func: checking for SSL_get1_peer_certificate() in openssl/ssl.h... -------------------- no

"gcc -o conftest -I/home/ong/.rbenv/versions/2.5.1/include/ruby-2.5.0/x86_64-linux -I/home/ong/.rbenv/versions/2.5.1/include/ruby-2.5.0/ruby/backward -I/home/ong/.rbenv/versions/2.5.1/include/ruby-2.5.0 -I.  -I/home/ong/.rbenv/versions/2.5.1/include    -O3 -ggdb3 -Wall -Wextra -Wno-unused-parameter -Wno-parentheses -Wno-long-long -Wno-missing-field-initializers -Wno-tautological-compare -Wno-parentheses-equality -Wno-constant-logical-operand -Wno-self-assign -Wunused-variable -Wimplicit-int -Wpointer-arith -Wwrite-strings -Wdeclaration-after-statement -Wimplicit-function-declaration -Wdeprecated-declarations -Wmisleading-indentation -Wno-packed-bitfield-compat -Wsuggest-attribute=noreturn -Wsuggest-attribute=format -Wimplicit-fallthrough=0 -Wduplicated-cond -Wrestrict  -fPIC  conftest.c  -L. -L/home/ong/.rbenv/versions/2.5.1/lib -Wl,-rpath,/home/ong/.rbenv/versions/2.5.1/lib -L. -L/home/ong/.rbenv/versions/2.5.1/lib  -fstack-protector -rdynamic -Wl,-export-dynamic      -lssl -lcrypto -Wl,-rpath,/home/ong/.rbenv/versions/2.5.1/lib -L/home/ong/.rbenv/versions/2.5.1/lib -lruby  -lssl -lcrypto -lpthread -ldl -lcrypt -lm   -lc"
conftest.c: In function ‘t’:
conftest.c:15:57: error: ‘SSL_get1_peer_certificate’ undeclared (first use in this function); did you mean ‘SSL_get_peer_certificate’?
 int t(void) { void ((*volatile p)()); p = (void ((*)()))SSL_get1_peer_certificate; return !p; }
                                                         ^~~~~~~~~~~~~~~~~~~~~~~~~
                                                         SSL_get_peer_certificate
conftest.c:15:57: note: each undeclared identifier is reported only once for each function it appears in
conftest.c: At top level:
cc1: warning: unrecognized command line option ‘-Wno-self-assign’
cc1: warning: unrecognized command line option ‘-Wno-constant-logical-operand’
cc1: warning: unrecognized command line option ‘-Wno-parentheses-equality’
checked program was:
/* begin */
 1: #include "ruby.h"
 2: 
 3: #include <openssl/ssl.h>
 4: 
 5: /*top*/
 6: extern int t(void);
 7: int main(int argc, char **argv)
 8: {
 9:   if (argc > 1000000) {
10:     printf("%p", &t);
11:   }
12: 
13:   return 0;
14: }
15: int t(void) { void ((*volatile p)()); p = (void ((*)()))SSL_get1_peer_certificate; return !p; }
/* end */

"gcc -o conftest -I/home/ong/.rbenv/versions/2.5.1/include/ruby-2.5.0/x86_64-linux -I/home/ong/.rbenv/versions/2.5.1/include/ruby-2.5.0/ruby/backward -I/home/ong/.rbenv/versions/2.5.1/include/ruby-2.5.0 -I.  -I/home/ong/.rbenv/versions/2.5.1/include    -O3 -ggdb3 -Wall -Wextra -Wno-unused-parameter -Wno-parentheses -Wno-long-long -Wno-missing-field-initializers -Wno-tautological-compare -Wno-parentheses-equality -Wno-constant-logical-operand -Wno-self-assign -Wunused-variable -Wimplicit-int -Wpointer-arith -Wwrite-strings -Wdeclaration-after-statement -Wimplicit-function-declaration -Wdeprecated-declarations -Wmisleading-indentation -Wno-packed-bitfield-compat -Wsuggest-attribute=noreturn -Wsuggest-attribute=format -Wimplicit-fallthrough=0 -Wduplicated-cond -Wrestrict  -fPIC  conftest.c  -L. -L/home/ong/.rbenv/versions/2.5.1/lib -Wl,-rpath,/home/ong/.rbenv/versions/2.5.1/lib -L. -L/home/ong/.rbenv/versions/2.5.1/lib  -fstack-protector -rdynamic -Wl,-export-dynamic      -lssl -lcrypto -Wl,-rpath,/home/ong/.rbenv/versions/2.5.1/lib -L/home/ong/.rbenv/versions/2.5.1/lib -lruby  -lssl -lcrypto -lpthread -ldl -lcrypt -lm   -lc"
/tmp/ccGyGCBg.o: In function `t':
/home/ong/Personal/project/hello/auctions/vendor/bundle/ruby/2.5.0/gems/puma-5.6.1/ext/puma_http11/conftest.c:16: undefined reference to `SSL_get1_peer_certificate'
collect2: error: ld returned 1 exit status
checked program was:
/* begin */
 1: #include "ruby.h"
 2: 
 3: #include <openssl/ssl.h>
 4: 
 5: /*top*/
 6: extern int t(void);
 7: int main(int argc, char **argv)
 8: {
 9:   if (argc > 1000000) {
10:     printf("%p", &t);
11:   }
12: 
13:   return 0;
14: }
15: extern void SSL_get1_peer_certificate();
16: int t(void) { SSL_get1_peer_certificate(); return 0; }
/* end */

--------------------

